This is XeTeX, Version 3.14159265-2.6-0.999992 (TeX Live 2020) (preloaded format=xelatex 2020.4.7)  20 APR 2022 21:29
entering extended mode
 restricted \write18 enabled.
 %&-line parsing enabled.
**_main.tex
(./_main.tex
LaTeX2e <2020-02-02> patch level 5
L3 programming layer <2020-03-06> (/usr/local/texlive/2020/texmf-dist/tex/latex
/base/report.cls
Document Class: report 2019/12/20 v1.4l Standard LaTeX document class
(/usr/local/texlive/2020/texmf-dist/tex/latex/base/size10.clo
File: size10.clo 2019/12/20 v1.4l Standard LaTeX file (size option)
)
\c@part=\count163
\c@chapter=\count164
\c@section=\count165
\c@subsection=\count166
\c@subsubsection=\count167
\c@paragraph=\count168
\c@subparagraph=\count169
\c@figure=\count170
\c@table=\count171
\abovecaptionskip=\skip47
\belowcaptionskip=\skip48
\bibindent=\dimen134
) (/usr/local/texlive/2020/texmf-dist/tex/latex/amsmath/amsmath.sty
Package: amsmath 2020/01/20 v2.17e AMS math features
\@mathmargin=\skip49
For additional information on amsmath, use the `?' option.
(/usr/local/texlive/2020/texmf-dist/tex/latex/amsmath/amstext.sty
Package: amstext 2000/06/29 v2.01 AMS text
(/usr/local/texlive/2020/texmf-dist/tex/latex/amsmath/amsgen.sty
File: amsgen.sty 1999/11/30 v2.0 generic functions
\@emptytoks=\toks15
\ex@=\dimen135
)) (/usr/local/texlive/2020/texmf-dist/tex/latex/amsmath/amsbsy.sty
Package: amsbsy 1999/11/29 v1.2d Bold Symbols
\pmbraise@=\dimen136
) (/usr/local/texlive/2020/texmf-dist/tex/latex/amsmath/amsopn.sty
Package: amsopn 2016/03/08 v2.02 operator names
)
\inf@bad=\count172
LaTeX Info: Redefining \frac on input line 227.
\uproot@=\count173
\leftroot@=\count174
LaTeX Info: Redefining \overline on input line 389.
\classnum@=\count175
\DOTSCASE@=\count176
LaTeX Info: Redefining \ldots on input line 486.
LaTeX Info: Redefining \dots on input line 489.
LaTeX Info: Redefining \cdots on input line 610.
\Mathstrutbox@=\box45
\strutbox@=\box46
\big@size=\dimen137
LaTeX Font Info:    Redeclaring font encoding OML on input line 733.
LaTeX Font Info:    Redeclaring font encoding OMS on input line 734.
\macc@depth=\count177
\c@MaxMatrixCols=\count178
\dotsspace@=\muskip16
\c@parentequation=\count179
\dspbrk@lvl=\count180
\tag@help=\toks16
\row@=\count181
\column@=\count182
\maxfields@=\count183
\andhelp@=\toks17
\eqnshift@=\dimen138
\alignsep@=\dimen139
\tagshift@=\dimen140
\tagwidth@=\dimen141
\totwidth@=\dimen142
\lineht@=\dimen143
\@envbody=\toks18
\multlinegap=\skip50
\multlinetaggap=\skip51
\mathdisplay@stack=\toks19
LaTeX Info: Redefining \[ on input line 2859.
LaTeX Info: Redefining \] on input line 2860.
) (/usr/local/texlive/2020/texmf-dist/tex/latex/amsfonts/amssymb.sty
Package: amssymb 2013/01/14 v3.01 AMS font symbols
(/usr/local/texlive/2020/texmf-dist/tex/latex/amsfonts/amsfonts.sty
Package: amsfonts 2013/01/14 v3.01 Basic AMSFonts support
\symAMSa=\mathgroup4
\symAMSb=\mathgroup5
LaTeX Font Info:    Redeclaring math symbol \hbar on input line 98.
LaTeX Font Info:    Overwriting math alphabet `\mathfrak' in version `bold'
(Font)                  U/euf/m/n --> U/euf/b/n on input line 106.
)) (/usr/local/texlive/2020/texmf-dist/tex/latex/lm/lmodern.sty
Package: lmodern 2009/10/30 v1.6 Latin Modern Fonts
LaTeX Font Info:    Overwriting symbol font `operators' in version `normal'
(Font)                  OT1/cmr/m/n --> OT1/lmr/m/n on input line 22.
LaTeX Font Info:    Overwriting symbol font `letters' in version `normal'
(Font)                  OML/cmm/m/it --> OML/lmm/m/it on input line 23.
LaTeX Font Info:    Overwriting symbol font `symbols' in version `normal'
(Font)                  OMS/cmsy/m/n --> OMS/lmsy/m/n on input line 24.
LaTeX Font Info:    Overwriting symbol font `largesymbols' in version `normal'
(Font)                  OMX/cmex/m/n --> OMX/lmex/m/n on input line 25.
LaTeX Font Info:    Overwriting symbol font `operators' in version `bold'
(Font)                  OT1/cmr/bx/n --> OT1/lmr/bx/n on input line 26.
LaTeX Font Info:    Overwriting symbol font `letters' in version `bold'
(Font)                  OML/cmm/b/it --> OML/lmm/b/it on input line 27.
LaTeX Font Info:    Overwriting symbol font `symbols' in version `bold'
(Font)                  OMS/cmsy/b/n --> OMS/lmsy/b/n on input line 28.
LaTeX Font Info:    Overwriting symbol font `largesymbols' in version `bold'
(Font)                  OMX/cmex/m/n --> OMX/lmex/m/n on input line 29.
LaTeX Font Info:    Overwriting math alphabet `\mathbf' in version `normal'
(Font)                  OT1/cmr/bx/n --> OT1/lmr/bx/n on input line 31.
LaTeX Font Info:    Overwriting math alphabet `\mathsf' in version `normal'
(Font)                  OT1/cmss/m/n --> OT1/lmss/m/n on input line 32.
LaTeX Font Info:    Overwriting math alphabet `\mathit' in version `normal'
(Font)                  OT1/cmr/m/it --> OT1/lmr/m/it on input line 33.
LaTeX Font Info:    Overwriting math alphabet `\mathtt' in version `normal'
(Font)                  OT1/cmtt/m/n --> OT1/lmtt/m/n on input line 34.
LaTeX Font Info:    Overwriting math alphabet `\mathbf' in version `bold'
(Font)                  OT1/cmr/bx/n --> OT1/lmr/bx/n on input line 35.
LaTeX Font Info:    Overwriting math alphabet `\mathsf' in version `bold'
(Font)                  OT1/cmss/bx/n --> OT1/lmss/bx/n on input line 36.
LaTeX Font Info:    Overwriting math alphabet `\mathit' in version `bold'
(Font)                  OT1/cmr/bx/it --> OT1/lmr/bx/it on input line 37.
LaTeX Font Info:    Overwriting math alphabet `\mathtt' in version `bold'
(Font)                  OT1/cmtt/m/n --> OT1/lmtt/m/n on input line 38.
) (/usr/local/texlive/2020/texmf-dist/tex/generic/iftex/iftex.sty
Package: iftex 2020/03/06 v1.0d TeX engine tests
) (/usr/local/texlive/2020/texmf-dist/tex/latex/unicode-math/unicode-math.sty (
/usr/local/texlive/2020/texmf-dist/tex/latex/l3kernel/expl3.sty
Package: expl3 2020-03-06 L3 programming layer (loader) 

(/usr/local/texlive/2020/texmf-dist/tex/latex/l3backend/l3backend-xdvipdfmx.def
File: l3backend-xdvipdfmx.def 2020-03-12 L3 backend support: xdvipdfmx
\g__graphics_track_int=\count184
\l__pdf_internal_box=\box47
\g__pdf_backend_object_int=\count185
\g__pdf_backend_annotation_int=\count186
))
Package: unicode-math 2020/01/31 v0.8q Unicode maths in XeLaTeX and LuaLaTeX

(/usr/local/texlive/2020/texmf-dist/tex/latex/unicode-math/unicode-math-xetex.s
ty
Package: unicode-math-xetex 2020/01/31 v0.8q Unicode maths in XeLaTeX and LuaLa
TeX
(/usr/local/texlive/2020/texmf-dist/tex/latex/l3packages/xparse/xparse.sty
Package: xparse 2020-03-06 L3 Experimental document command parser
\l__xparse_current_arg_int=\count187
\g__xparse_grabber_int=\count188
\l__xparse_m_args_int=\count189
\l__xparse_v_nesting_int=\count190
) (/usr/local/texlive/2020/texmf-dist/tex/latex/l3packages/l3keys2e/l3keys2e.st
y
Package: l3keys2e 2020-03-06 LaTeX2e option processing using LaTeX3 keys
) (/usr/local/texlive/2020/texmf-dist/tex/latex/fontspec/fontspec.sty
Package: fontspec 2020/02/21 v2.7i Font selection for XeLaTeX and LuaLaTeX
(/usr/local/texlive/2020/texmf-dist/tex/latex/fontspec/fontspec-xetex.sty
Package: fontspec-xetex 2020/02/21 v2.7i Font selection for XeLaTeX and LuaLaTe
X
\l__fontspec_script_int=\count191
\l__fontspec_language_int=\count192
\l__fontspec_strnum_int=\count193
\l__fontspec_tmp_int=\count194
\l__fontspec_tmpa_int=\count195
\l__fontspec_tmpb_int=\count196
\l__fontspec_tmpc_int=\count197
\l__fontspec_em_int=\count198
\l__fontspec_emdef_int=\count199
\l__fontspec_strong_int=\count266
\l__fontspec_strongdef_int=\count267
\l__fontspec_tmpa_dim=\dimen144
\l__fontspec_tmpb_dim=\dimen145
\l__fontspec_tmpc_dim=\dimen146
(/usr/local/texlive/2020/texmf-dist/tex/latex/base/fontenc.sty
Package: fontenc 2020/02/11 v2.0o Standard LaTeX package
) (/usr/local/texlive/2020/texmf-dist/tex/latex/fontspec/fontspec.cfg))) (/usr/
local/texlive/2020/texmf-dist/tex/latex/base/fix-cm.sty
Package: fix-cm 2015/01/14 v1.1t fixes to LaTeX
(/usr/local/texlive/2020/texmf-dist/tex/latex/base/ts1enc.def
File: ts1enc.def 2001/06/05 v3.0e (jk/car/fm) Standard LaTeX file
LaTeX Font Info:    Redeclaring font encoding TS1 on input line 47.
))
\g__um_fam_int=\count268
\g__um_fonts_used_int=\count269
\l__um_primecount_int=\count270
\g__um_primekern_muskip=\muskip17

(/usr/local/texlive/2020/texmf-dist/tex/latex/unicode-math/unicode-math-table.t
ex))) (/usr/local/texlive/2020/texmf-dist/tex/latex/upquote/upquote.sty
Package: upquote 2012/04/19 v1.3 upright-quote and grave-accent glyphs in verba
tim
(/usr/local/texlive/2020/texmf-dist/tex/latex/base/textcomp.sty
Package: textcomp 2020/02/02 v2.0n Standard LaTeX package
)) (/usr/local/texlive/2020/texmf-dist/tex/latex/microtype/microtype.sty
Package: microtype 2019/11/18 v2.7d Micro-typographical refinements (RS)
(/usr/local/texlive/2020/texmf-dist/tex/latex/graphics/keyval.sty
Package: keyval 2014/10/28 v1.15 key=value parser (DPC)
\KV@toks@=\toks20
)
\MT@toks=\toks21
\MT@count=\count271
LaTeX Info: Redefining \textls on input line 790.
\MT@outer@kern=\dimen147
LaTeX Info: Redefining \textmicrotypecontext on input line 1354.
\MT@listname@count=\count272
(/usr/local/texlive/2020/texmf-dist/tex/latex/microtype/microtype-xetex.def
File: microtype-xetex.def 2019/11/18 v2.7d Definitions specific to xetex (RS)
LaTeX Info: Redefining \lsstyle on input line 258.
)
Package microtype Info: Loading configuration file microtype.cfg.
(/usr/local/texlive/2020/texmf-dist/tex/latex/microtype/microtype.cfg
File: microtype.cfg 2019/11/18 v2.7d microtype main configuration file (RS)
)) (/usr/local/texlive/2020/texmf-dist/tex/latex/parskip/parskip.sty
Package: parskip 2020-01-22 v2.0d non-zero parskip adjustments
(/usr/local/texlive/2020/texmf-dist/tex/latex/kvoptions/kvoptions.sty
Package: kvoptions 2019/11/29 v3.13 Key value format for package options (HO)
(/usr/local/texlive/2020/texmf-dist/tex/generic/ltxcmds/ltxcmds.sty
Package: ltxcmds 2019/12/15 v1.24 LaTeX kernel commands for general use (HO)
) (/usr/local/texlive/2020/texmf-dist/tex/generic/kvsetkeys/kvsetkeys.sty
Package: kvsetkeys 2019/12/15 v1.18 Key value parser (HO)
)) (/usr/local/texlive/2020/texmf-dist/tex/latex/etoolbox/etoolbox.sty
Package: etoolbox 2019/09/21 v2.5h e-TeX tools for LaTeX (JAW)
\etb@tempcnta=\count273
)) (/usr/local/texlive/2020/texmf-dist/tex/latex/xcolor/xcolor.sty
Package: xcolor 2016/05/11 v2.12 LaTeX color extensions (UK)
(/usr/local/texlive/2020/texmf-dist/tex/latex/graphics-cfg/color.cfg
File: color.cfg 2016/01/02 v1.6 sample color configuration
)
Package xcolor Info: Driver file: xetex.def on input line 225.
(/usr/local/texlive/2020/texmf-dist/tex/latex/graphics-def/xetex.def
File: xetex.def 2017/06/24 v5.0h Graphics/color driver for xetex
)
Package xcolor Info: Model `cmy' substituted by `cmy0' on input line 1348.
Package xcolor Info: Model `RGB' extended on input line 1364.
Package xcolor Info: Model `HTML' substituted by `rgb' on input line 1366.
Package xcolor Info: Model `Hsb' substituted by `hsb' on input line 1367.
Package xcolor Info: Model `tHsb' substituted by `hsb' on input line 1368.
Package xcolor Info: Model `HSB' substituted by `hsb' on input line 1369.
Package xcolor Info: Model `Gray' substituted by `gray' on input line 1370.
Package xcolor Info: Model `wave' substituted by `hsb' on input line 1371.
) (/usr/local/texlive/2020/texmf-dist/tex/latex/xurl/xurl.sty
Package: xurl 2020/01/24 v 0.09 modify URL breaks
(/usr/local/texlive/2020/texmf-dist/tex/latex/url/url.sty
\Urlmuskip=\muskip18
Package: url 2013/09/16  ver 3.4  Verb mode for urls, etc.
)) (/usr/local/texlive/2020/texmf-dist/tex/latex/bookmark/bookmark.sty
Package: bookmark 2019/12/03 v1.28 PDF bookmarks (HO)
(/usr/local/texlive/2020/texmf-dist/tex/latex/hyperref/hyperref.sty
Package: hyperref 2020/01/14 v7.00d Hypertext links for LaTeX
(/usr/local/texlive/2020/texmf-dist/tex/latex/pdftexcmds/pdftexcmds.sty
Package: pdftexcmds 2019/11/24 v0.31 Utility functions of pdfTeX for LuaTeX (HO
)
(/usr/local/texlive/2020/texmf-dist/tex/generic/infwarerr/infwarerr.sty
Package: infwarerr 2019/12/03 v1.5 Providing info/warning/error messages (HO)
)
Package pdftexcmds Info: \pdf@primitive is available.
Package pdftexcmds Info: \pdf@ifprimitive is available.
Package pdftexcmds Info: \pdfdraftmode not found.
) (/usr/local/texlive/2020/texmf-dist/tex/generic/kvdefinekeys/kvdefinekeys.sty
Package: kvdefinekeys 2019-12-19 v1.6 Define keys (HO)
) (/usr/local/texlive/2020/texmf-dist/tex/generic/pdfescape/pdfescape.sty
Package: pdfescape 2019/12/09 v1.15 Implements pdfTeX's escape features (HO)
) (/usr/local/texlive/2020/texmf-dist/tex/latex/hycolor/hycolor.sty
Package: hycolor 2020-01-27 v1.10 Color options for hyperref/bookmark (HO)
) (/usr/local/texlive/2020/texmf-dist/tex/latex/letltxmacro/letltxmacro.sty
Package: letltxmacro 2019/12/03 v1.6 Let assignment for LaTeX macros (HO)
) (/usr/local/texlive/2020/texmf-dist/tex/latex/auxhook/auxhook.sty
Package: auxhook 2019-12-17 v1.6 Hooks for auxiliary files (HO)
)
\@linkdim=\dimen148
\Hy@linkcounter=\count274
\Hy@pagecounter=\count275
(/usr/local/texlive/2020/texmf-dist/tex/latex/hyperref/pd1enc.def
File: pd1enc.def 2020/01/14 v7.00d Hyperref: PDFDocEncoding definition (HO)
) (/usr/local/texlive/2020/texmf-dist/tex/generic/intcalc/intcalc.sty
Package: intcalc 2019/12/15 v1.3 Expandable calculations with integers (HO)
) (/usr/local/texlive/2020/texmf-dist/tex/generic/etexcmds/etexcmds.sty
Package: etexcmds 2019/12/15 v1.7 Avoid name clashes with e-TeX commands (HO)
)
\Hy@SavedSpaceFactor=\count276
Package hyperref Info: Option `unicode' set `true' on input line 4421.
(/usr/local/texlive/2020/texmf-dist/tex/latex/hyperref/puenc.def
File: puenc.def 2020/01/14 v7.00d Hyperref: PDF Unicode definition (HO)
)
Package hyperref Info: Hyper figures OFF on input line 4547.
Package hyperref Info: Link nesting OFF on input line 4552.
Package hyperref Info: Hyper index ON on input line 4555.
Package hyperref Info: Plain pages OFF on input line 4562.
Package hyperref Info: Backreferencing OFF on input line 4567.
Package hyperref Info: Implicit mode ON; LaTeX internals redefined.
Package hyperref Info: Bookmarks ON on input line 4800.
\c@Hy@tempcnt=\count277
LaTeX Info: Redefining \url on input line 5159.
\XeTeXLinkMargin=\dimen149
(/usr/local/texlive/2020/texmf-dist/tex/generic/bitset/bitset.sty
Package: bitset 2019/12/09 v1.3 Handle bit-vector datatype (HO)
(/usr/local/texlive/2020/texmf-dist/tex/generic/bigintcalc/bigintcalc.sty
Package: bigintcalc 2019/12/15 v1.5 Expandable calculations on big integers (HO
)
))
\Fld@menulength=\count278
\Field@Width=\dimen150
\Fld@charsize=\dimen151
Package hyperref Info: Hyper figures OFF on input line 6430.
Package hyperref Info: Link nesting OFF on input line 6435.
Package hyperref Info: Hyper index ON on input line 6438.
Package hyperref Info: backreferencing OFF on input line 6445.
Package hyperref Info: Link coloring OFF on input line 6450.
Package hyperref Info: Link coloring with OCG OFF on input line 6455.
Package hyperref Info: PDF/A mode OFF on input line 6460.
LaTeX Info: Redefining \ref on input line 6500.
LaTeX Info: Redefining \pageref on input line 6504.
(/usr/local/texlive/2020/texmf-dist/tex/generic/atbegshi/atbegshi.sty
Package: atbegshi 2019/12/05 v1.19 At begin shipout hook (HO)
)
\Hy@abspage=\count279
\c@Item=\count280
\c@Hfootnote=\count281
)
Package hyperref Info: Driver (autodetected): hxetex.
(/usr/local/texlive/2020/texmf-dist/tex/latex/hyperref/hxetex.def
File: hxetex.def 2020/01/14 v7.00d Hyperref driver for XeTeX
(/usr/local/texlive/2020/texmf-dist/tex/generic/stringenc/stringenc.sty
Package: stringenc 2019/11/29 v1.12 Convert strings between diff. encodings (HO
)
)
\pdfm@box=\box48
\c@Hy@AnnotLevel=\count282
\HyField@AnnotCount=\count283
\Fld@listcount=\count284
\c@bookmark@seq@number=\count285

(/usr/local/texlive/2020/texmf-dist/tex/latex/rerunfilecheck/rerunfilecheck.sty
Package: rerunfilecheck 2019/12/05 v1.9 Rerun checks for auxiliary files (HO)
(/usr/local/texlive/2020/texmf-dist/tex/latex/atveryend/atveryend.sty
Package: atveryend 2019-12-11 v1.11 Hooks at the very end of document (HO)
)
(/usr/local/texlive/2020/texmf-dist/tex/generic/uniquecounter/uniquecounter.sty
Package: uniquecounter 2019/12/15 v1.4 Provide unlimited unique counter (HO)
)
Package uniquecounter Info: New unique counter `rerunfilecheck' on input line 2
86.
)
\Hy@SectionHShift=\skip52
) (/usr/local/texlive/2020/texmf-dist/tex/latex/bookmark/bkm-dvipdfm.def
File: bkm-dvipdfm.def 2019/12/03 v1.28 bookmark driver for dvipdfm (HO)
\BKM@id=\count286
)) (/usr/local/texlive/2020/texmf-dist/tex/latex/fancyvrb/fancyvrb.sty
Package: fancyvrb 2020/01/13 v3.5 verbatim text (tvz,hv)
\FV@CodeLineNo=\count287
\FV@InFile=\read2
\FV@TabBox=\box49
\c@FancyVerbLine=\count288
\FV@StepNumber=\count289
\FV@OutFile=\write3
) (/usr/local/texlive/2020/texmf-dist/tex/latex/framed/framed.sty
Package: framed 2011/10/22 v 0.96: framed or shaded text with page breaks
\OuterFrameSep=\skip53
\fb@frw=\dimen152
\fb@frh=\dimen153
\FrameRule=\dimen154
\FrameSep=\dimen155
) (/usr/local/texlive/2020/texmf-dist/tex/latex/tools/longtable.sty
Package: longtable 2020/01/07 v4.13 Multi-page Table package (DPC)
\LTleft=\skip54
\LTright=\skip55
\LTpre=\skip56
\LTpost=\skip57
\LTchunksize=\count290
\LTcapwidth=\dimen156
\LT@head=\box50
\LT@firsthead=\box51
\LT@foot=\box52
\LT@lastfoot=\box53
\LT@cols=\count291
\LT@rows=\count292
\c@LT@tables=\count293
\c@LT@chunks=\count294
\LT@p@ftn=\toks22
) (/usr/local/texlive/2020/texmf-dist/tex/latex/booktabs/booktabs.sty
Package: booktabs 2020/01/12 v1.61803398 Publication quality tables
\heavyrulewidth=\dimen157
\lightrulewidth=\dimen158
\cmidrulewidth=\dimen159
\belowrulesep=\dimen160
\belowbottomsep=\dimen161
\aboverulesep=\dimen162
\abovetopsep=\dimen163
\cmidrulesep=\dimen164
\cmidrulekern=\dimen165
\defaultaddspace=\dimen166
\@cmidla=\count295
\@cmidlb=\count296
\@aboverulesep=\dimen167
\@belowrulesep=\dimen168
\@thisruleclass=\count297
\@lastruleclass=\count298
\@thisrulewidth=\dimen169
) (/usr/local/texlive/2020/texmf-dist/tex/latex/tools/array.sty
Package: array 2019/08/31 v2.4l Tabular extension package (FMi)
\col@sep=\dimen170
\ar@mcellbox=\box54
\extrarowheight=\dimen171
\NC@list=\toks23
\extratabsurround=\skip58
\backup@length=\skip59
\ar@cellbox=\box55
) (/usr/local/texlive/2020/texmf-dist/tex/latex/tools/calc.sty
Package: calc 2017/05/25 v4.3 Infix arithmetic (KKT,FJ)
\calc@Acount=\count299
\calc@Bcount=\count300
\calc@Adimen=\dimen172
\calc@Bdimen=\dimen173
\calc@Askip=\skip60
\calc@Bskip=\skip61
LaTeX Info: Redefining \setlength on input line 80.
LaTeX Info: Redefining \addtolength on input line 81.
\calc@Ccount=\count301
\calc@Cskip=\skip62
) (/usr/local/texlive/2020/texmf-dist/tex/latex/footnotehyper/footnotehyper.sty
Package: footnotehyper 2019/11/07 v1.1a hyperref aware footnote.sty (JFB)
\FNH@notes=\box56
\FNH@width=\dimen174
) (/usr/local/texlive/2020/texmf-dist/tex/latex/graphics/graphicx.sty
Package: graphicx 2019/11/30 v1.2a Enhanced LaTeX Graphics (DPC,SPQR)
(/usr/local/texlive/2020/texmf-dist/tex/latex/graphics/graphics.sty
Package: graphics 2019/11/30 v1.4a Standard LaTeX Graphics (DPC,SPQR)
(/usr/local/texlive/2020/texmf-dist/tex/latex/graphics/trig.sty
Package: trig 2016/01/03 v1.10 sin cos tan (DPC)
) (/usr/local/texlive/2020/texmf-dist/tex/latex/graphics-cfg/graphics.cfg
File: graphics.cfg 2016/06/04 v1.11 sample graphics configuration
)
Package graphics Info: Driver file: xetex.def on input line 105.
)
\Gin@req@height=\dimen175
\Gin@req@width=\dimen176
)
\cslhangindent=\skip63
\csllabelwidth=\skip64
\cslentryspacingunit=\skip65
(/usr/local/texlive/2020/texmf-dist/tex/latex/natbib/natbib.sty
Package: natbib 2010/09/13 8.31b (PWD, AO)
\bibhang=\skip66
\bibsep=\skip67
LaTeX Info: Redefining \cite on input line 694.
\c@NAT@ctr=\count302
) (./_main.aux)
\openout1 = `_main.aux'.

LaTeX Font Info:    Checking defaults for OML/cmm/m/it on input line 145.
LaTeX Font Info:    ... okay on input line 145.
LaTeX Font Info:    Checking defaults for OMS/cmsy/m/n on input line 145.
LaTeX Font Info:    ... okay on input line 145.
LaTeX Font Info:    Checking defaults for OT1/cmr/m/n on input line 145.
LaTeX Font Info:    ... okay on input line 145.
LaTeX Font Info:    Checking defaults for T1/cmr/m/n on input line 145.
LaTeX Font Info:    ... okay on input line 145.
LaTeX Font Info:    Checking defaults for TS1/cmr/m/n on input line 145.
LaTeX Font Info:    ... okay on input line 145.
LaTeX Font Info:    Checking defaults for TU/lmr/m/n on input line 145.
LaTeX Font Info:    ... okay on input line 145.
LaTeX Font Info:    Checking defaults for OMX/cmex/m/n on input line 145.
LaTeX Font Info:    ... okay on input line 145.
LaTeX Font Info:    Checking defaults for U/cmr/m/n on input line 145.
LaTeX Font Info:    ... okay on input line 145.
LaTeX Font Info:    Checking defaults for PD1/pdf/m/n on input line 145.
LaTeX Font Info:    ... okay on input line 145.
LaTeX Font Info:    Checking defaults for PU/pdf/m/n on input line 145.
LaTeX Font Info:    ... okay on input line 145.
LaTeX Font Info:    Overwriting math alphabet `\mathrm' in version `normal'
(Font)                  OT1/lmr/m/n --> TU/lmr/m/n on input line 145.
LaTeX Font Info:    Overwriting math alphabet `\mathit' in version `normal'
(Font)                  OT1/lmr/m/it --> TU/lmr/m/it on input line 145.
LaTeX Font Info:    Overwriting math alphabet `\mathbf' in version `normal'
(Font)                  OT1/lmr/bx/n --> TU/lmr/bx/n on input line 145.
LaTeX Font Info:    Overwriting math alphabet `\mathsf' in version `normal'
(Font)                  OT1/lmss/m/n --> TU/lmss/m/n on input line 145.
LaTeX Font Info:    Overwriting math alphabet `\mathsf' in version `bold'
(Font)                  OT1/lmss/bx/n --> TU/lmss/bx/n on input line 145.
LaTeX Font Info:    Overwriting math alphabet `\mathtt' in version `normal'
(Font)                  OT1/lmtt/m/n --> TU/lmtt/m/n on input line 145.
LaTeX Font Info:    Overwriting math alphabet `\mathtt' in version `bold'
(Font)                  OT1/lmtt/m/n --> TU/lmtt/bx/n on input line 145.

Package fontspec Info: latinmodern-math scale = 0.9999964596882403.


Package fontspec Info: latinmodern-math scale = 0.9999964596882403.


Package fontspec Info: latinmodern-math scale = 0.9999964596882403.


Package fontspec Info: Font family 'latinmodern-math.otf(0)' created for font
(fontspec)             'latinmodern-math.otf' with options
(fontspec)             [Scale=MatchLowercase,BoldItalicFont={},ItalicFont={},Sm
allCapsFont={},Script=Math,BoldFont={latinmodern-math.otf}].
(fontspec)              
(fontspec)              This font family consists of the following NFSS
(fontspec)             series/shapes:
(fontspec)              
(fontspec)             - 'normal' (m/n) with NFSS spec.:
(fontspec)             <->s*[0.9999964596882403]"[latinmodern-math.otf]/OT:scri
pt=math;language=dflt;"
(fontspec)             - 'small caps'  (m/sc) with NFSS spec.: 
(fontspec)             - 'bold' (b/n) with NFSS spec.:
(fontspec)             <->s*[0.9999964596882403]"[latinmodern-math.otf]/OT:scri
pt=math;language=dflt;"
(fontspec)             - 'bold small caps'  (b/sc) with NFSS spec.: 

LaTeX Font Info:    Font shape `TU/latinmodern-math.otf(0)/m/n' will be
(Font)              scaled to size 10.0pt on input line 145.

Package fontspec Info: latinmodern-math scale = 0.9999964596882403.


Package fontspec Info: latinmodern-math scale = 0.9999964596882403.


Package fontspec Info: latinmodern-math scale = 0.9999964596882403.


Package fontspec Info: latinmodern-math scale = 0.9999964596882403.


Package fontspec Info: latinmodern-math scale = 0.9999964596882403.


Package fontspec Info: Font family 'latinmodern-math.otf(1)' created for font
(fontspec)             'latinmodern-math.otf' with options
(fontspec)             [Scale=MatchLowercase,BoldItalicFont={},ItalicFont={},Sm
allCapsFont={},Script=Math,SizeFeatures={{Size=8.5-},{Size=6-8.5,Font=latinmode
rn-math.otf,Style=MathScript},{Size=-6,Font=latinmodern-math.otf,Style=MathScri
ptScript}},BoldFont={latinmodern-math.otf}].
(fontspec)              
(fontspec)              This font family consists of the following NFSS
(fontspec)             series/shapes:
(fontspec)              
(fontspec)             - 'normal' (m/n) with NFSS spec.:
(fontspec)             <8.5->s*[0.9999964596882403]"[latinmodern-math.otf]/OT:s
cript=math;language=dflt;"<6-8.5>s*[0.9999964596882403]"[latinmodern-math.otf]/
OT:script=math;language=dflt;+ssty=0;"<-6>s*[0.9999964596882403]"[latinmodern-m
ath.otf]/OT:script=math;language=dflt;+ssty=1;"
(fontspec)             - 'small caps'  (m/sc) with NFSS spec.: 
(fontspec)             - 'bold' (b/n) with NFSS spec.:
(fontspec)             <->s*[0.9999964596882403]"[latinmodern-math.otf]/OT:scri
pt=math;language=dflt;"
(fontspec)             - 'bold small caps'  (b/sc) with NFSS spec.: 

LaTeX Font Info:    Font shape `TU/latinmodern-math.otf(1)/m/n' will be
(Font)              scaled to size 10.0pt on input line 145.
LaTeX Font Info:    Encoding `OT1' has changed to `TU' for symbol font
(Font)              `operators' in the math version `normal' on input line 145.

LaTeX Font Info:    Overwriting symbol font `operators' in version `normal'
(Font)                  OT1/lmr/m/n --> TU/latinmodern-math.otf(1)/m/n on input
 line 145.
LaTeX Font Info:    Encoding `OT1' has changed to `TU' for symbol font
(Font)              `operators' in the math version `bold' on input line 145.
LaTeX Font Info:    Overwriting symbol font `operators' in version `bold'
(Font)                  OT1/lmr/bx/n --> TU/latinmodern-math.otf(1)/b/n on inpu
t line 145.

Package fontspec Info: latinmodern-math scale = 0.9999964596882403.


Package fontspec Info: latinmodern-math scale = 1.000096459334209.


Package fontspec Info: latinmodern-math scale = 0.9999964596882403.


Package fontspec Info: latinmodern-math scale = 1.000096459334209.


Package fontspec Info: latinmodern-math scale = 0.9999964596882403.


Package fontspec Info: latinmodern-math scale = 1.000096459334209.


Package fontspec Info: latinmodern-math scale = 0.9999964596882403.


Package fontspec Info: latinmodern-math scale = 1.000096459334209.


Package fontspec Info: latinmodern-math scale = 0.9999964596882403.


Package fontspec Info: latinmodern-math scale = 1.000096459334209.


Package fontspec Info: Font family 'latinmodern-math.otf(2)' created for font
(fontspec)             'latinmodern-math.otf' with options
(fontspec)             [Scale=MatchLowercase,BoldItalicFont={},ItalicFont={},Sm
allCapsFont={},Script=Math,SizeFeatures={{Size=8.5-},{Size=6-8.5,Font=latinmode
rn-math.otf,Style=MathScript},{Size=-6,Font=latinmodern-math.otf,Style=MathScri
ptScript}},BoldFont={latinmodern-math.otf},ScaleAgain=1.0001,FontAdjustment={\f
ontdimen
(fontspec)             8\font =6.77pt\relax \fontdimen 9\font =3.94pt\relax
(fontspec)             \fontdimen 10\font =4.44pt\relax \fontdimen 11\font
(fontspec)             =6.86pt\relax \fontdimen 12\font =3.45pt\relax
(fontspec)             \fontdimen 13\font =3.63pt\relax \fontdimen 14\font
(fontspec)             =3.63pt\relax \fontdimen 15\font =2.89pt\relax
(fontspec)             \fontdimen 16\font =2.47pt\relax \fontdimen 17\font
(fontspec)             =2.47pt\relax \fontdimen 18\font =2.5pt\relax
(fontspec)             \fontdimen 19\font =2.0pt\relax \fontdimen 22\font
(fontspec)             =2.5pt\relax \fontdimen 20\font =0pt\relax \fontdimen
(fontspec)             21\font =0pt\relax }].
(fontspec)              
(fontspec)              This font family consists of the following NFSS
(fontspec)             series/shapes:
(fontspec)              
(fontspec)             - 'normal' (m/n) with NFSS spec.:
(fontspec)             <8.5->s*[1.000096459334209]"[latinmodern-math.otf]/OT:sc
ript=math;language=dflt;"<6-8.5>s*[1.000096459334209]"[latinmodern-math.otf]/OT
:script=math;language=dflt;+ssty=0;"<-6>s*[1.000096459334209]"[latinmodern-math
.otf]/OT:script=math;language=dflt;+ssty=1;"
(fontspec)             - 'small caps'  (m/sc) with NFSS spec.: 
(fontspec)             and font adjustment code:
(fontspec)             \fontdimen 8\font =6.77pt\relax \fontdimen 9\font
(fontspec)             =3.94pt\relax \fontdimen 10\font =4.44pt\relax
(fontspec)             \fontdimen 11\font =6.86pt\relax \fontdimen 12\font
(fontspec)             =3.45pt\relax \fontdimen 13\font =3.63pt\relax
(fontspec)             \fontdimen 14\font =3.63pt\relax \fontdimen 15\font
(fontspec)             =2.89pt\relax \fontdimen 16\font =2.47pt\relax
(fontspec)             \fontdimen 17\font =2.47pt\relax \fontdimen 18\font
(fontspec)             =2.5pt\relax \fontdimen 19\font =2.0pt\relax \fontdimen
(fontspec)             22\font =2.5pt\relax \fontdimen 20\font =0pt\relax
(fontspec)             \fontdimen 21\font =0pt\relax 
(fontspec)             - 'bold' (b/n) with NFSS spec.:
(fontspec)             <->s*[1.000096459334209]"[latinmodern-math.otf]/OT:scrip
t=math;language=dflt;"
(fontspec)             - 'bold small caps'  (b/sc) with NFSS spec.: 
(fontspec)             and font adjustment code:
(fontspec)             \fontdimen 8\font =6.77pt\relax \fontdimen 9\font
(fontspec)             =3.94pt\relax \fontdimen 10\font =4.44pt\relax
(fontspec)             \fontdimen 11\font =6.86pt\relax \fontdimen 12\font
(fontspec)             =3.45pt\relax \fontdimen 13\font =3.63pt\relax
(fontspec)             \fontdimen 14\font =3.63pt\relax \fontdimen 15\font
(fontspec)             =2.89pt\relax \fontdimen 16\font =2.47pt\relax
(fontspec)             \fontdimen 17\font =2.47pt\relax \fontdimen 18\font
(fontspec)             =2.5pt\relax \fontdimen 19\font =2.0pt\relax \fontdimen
(fontspec)             22\font =2.5pt\relax \fontdimen 20\font =0pt\relax
(fontspec)             \fontdimen 21\font =0pt\relax 

LaTeX Font Info:    Encoding `OMS' has changed to `TU' for symbol font
(Font)              `symbols' in the math version `normal' on input line 145.
LaTeX Font Info:    Overwriting symbol font `symbols' in version `normal'
(Font)                  OMS/lmsy/m/n --> TU/latinmodern-math.otf(2)/m/n on inpu
t line 145.
LaTeX Font Info:    Encoding `OMS' has changed to `TU' for symbol font
(Font)              `symbols' in the math version `bold' on input line 145.
LaTeX Font Info:    Overwriting symbol font `symbols' in version `bold'
(Font)                  OMS/lmsy/b/n --> TU/latinmodern-math.otf(2)/b/n on inpu
t line 145.

Package fontspec Info: latinmodern-math scale = 0.9999964596882403.


Package fontspec Info: latinmodern-math scale = 0.9998964600422715.


Package fontspec Info: latinmodern-math scale = 0.9999964596882403.


Package fontspec Info: latinmodern-math scale = 0.9998964600422715.


Package fontspec Info: latinmodern-math scale = 0.9999964596882403.


Package fontspec Info: latinmodern-math scale = 0.9998964600422715.


Package fontspec Info: latinmodern-math scale = 0.9999964596882403.


Package fontspec Info: latinmodern-math scale = 0.9998964600422715.


Package fontspec Info: latinmodern-math scale = 0.9999964596882403.


Package fontspec Info: latinmodern-math scale = 0.9998964600422715.


Package fontspec Info: Font family 'latinmodern-math.otf(3)' created for font
(fontspec)             'latinmodern-math.otf' with options
(fontspec)             [Scale=MatchLowercase,BoldItalicFont={},ItalicFont={},Sm
allCapsFont={},Script=Math,SizeFeatures={{Size=8.5-},{Size=6-8.5,Font=latinmode
rn-math.otf,Style=MathScript},{Size=-6,Font=latinmodern-math.otf,Style=MathScri
ptScript}},BoldFont={latinmodern-math.otf},ScaleAgain=0.9999,FontAdjustment={\f
ontdimen
(fontspec)             8\font =0.4pt\relax \fontdimen 9\font =2.0pt\relax
(fontspec)             \fontdimen 10\font =1.67pt\relax \fontdimen 11\font
(fontspec)             =1.11pt\relax \fontdimen 12\font =6.0pt\relax
(fontspec)             \fontdimen 13\font =0pt\relax }].
(fontspec)              
(fontspec)              This font family consists of the following NFSS
(fontspec)             series/shapes:
(fontspec)              
(fontspec)             - 'normal' (m/n) with NFSS spec.:
(fontspec)             <8.5->s*[0.9998964600422715]"[latinmodern-math.otf]/OT:s
cript=math;language=dflt;"<6-8.5>s*[0.9998964600422715]"[latinmodern-math.otf]/
OT:script=math;language=dflt;+ssty=0;"<-6>s*[0.9998964600422715]"[latinmodern-m
ath.otf]/OT:script=math;language=dflt;+ssty=1;"
(fontspec)             - 'small caps'  (m/sc) with NFSS spec.: 
(fontspec)             and font adjustment code:
(fontspec)             \fontdimen 8\font =0.4pt\relax \fontdimen 9\font
(fontspec)             =2.0pt\relax \fontdimen 10\font =1.67pt\relax
(fontspec)             \fontdimen 11\font =1.11pt\relax \fontdimen 12\font
(fontspec)             =6.0pt\relax \fontdimen 13\font =0pt\relax 
(fontspec)             - 'bold' (b/n) with NFSS spec.:
(fontspec)             <->s*[0.9998964600422715]"[latinmodern-math.otf]/OT:scri
pt=math;language=dflt;"
(fontspec)             - 'bold small caps'  (b/sc) with NFSS spec.: 
(fontspec)             and font adjustment code:
(fontspec)             \fontdimen 8\font =0.4pt\relax \fontdimen 9\font
(fontspec)             =2.0pt\relax \fontdimen 10\font =1.67pt\relax
(fontspec)             \fontdimen 11\font =1.11pt\relax \fontdimen 12\font
(fontspec)             =6.0pt\relax \fontdimen 13\font =0pt\relax 

LaTeX Font Info:    Encoding `OMX' has changed to `TU' for symbol font
(Font)              `largesymbols' in the math version `normal' on input line 1
45.
LaTeX Font Info:    Overwriting symbol font `largesymbols' in version `normal'
(Font)                  OMX/lmex/m/n --> TU/latinmodern-math.otf(3)/m/n on inpu
t line 145.
LaTeX Font Info:    Encoding `OMX' has changed to `TU' for symbol font
(Font)              `largesymbols' in the math version `bold' on input line 145
.
LaTeX Font Info:    Overwriting symbol font `largesymbols' in version `bold'
(Font)                  OMX/lmex/m/n --> TU/latinmodern-math.otf(3)/b/n on inpu
t line 145.
LaTeX Info: Redefining \microtypecontext on input line 145.
Package microtype Info: Character protrusion enabled (level 2).
Package microtype Info: Using protrusion set `basicmath'.
Package microtype Info: No adjustment of tracking.
Package microtype Info: No adjustment of spacing.
Package microtype Info: No adjustment of kerning.

(/usr/local/texlive/2020/texmf-dist/tex/latex/microtype/mt-LatinModernRoman.cfg
File: mt-LatinModernRoman.cfg 2013/03/13 v1.0 microtype config. file: Latin Mod
ern Roman (RS)
)
\AtBeginShipoutBox=\box57
Package hyperref Info: Link coloring OFF on input line 145.
(/usr/local/texlive/2020/texmf-dist/tex/latex/hyperref/nameref.sty
Package: nameref 2019/09/16 v2.46 Cross-referencing by name of section
(/usr/local/texlive/2020/texmf-dist/tex/latex/refcount/refcount.sty
Package: refcount 2019/12/15 v3.6 Data extraction from label references (HO)
)
(/usr/local/texlive/2020/texmf-dist/tex/generic/gettitlestring/gettitlestring.s
ty
Package: gettitlestring 2019/12/15 v1.6 Cleanup title references (HO)
)
\c@section@level=\count303
)
LaTeX Info: Redefining \ref on input line 145.
LaTeX Info: Redefining \pageref on input line 145.
LaTeX Info: Redefining \nameref on input line 145.
LaTeX Font Info:    Font shape `TU/latinmodern-math.otf(1)/m/n' will be
(Font)              scaled to size 12.0pt on input line 147.
LaTeX Font Info:    Font shape `TU/latinmodern-math.otf(1)/m/n' will be
(Font)              scaled to size 8.0pt on input line 147.
LaTeX Font Info:    Font shape `TU/latinmodern-math.otf(1)/m/n' will be
(Font)              scaled to size 6.0pt on input line 147.
LaTeX Font Info:    Trying to load font information for OML+lmm on input line 1
47.
(/usr/local/texlive/2020/texmf-dist/tex/latex/lm/omllmm.fd
File: omllmm.fd 2009/10/30 v1.6 Font defs for Latin Modern
)
LaTeX Font Info:    Font shape `TU/latinmodern-math.otf(2)/m/n' will be
(Font)              scaled to size 12.0011pt on input line 147.
LaTeX Font Info:    Font shape `TU/latinmodern-math.otf(2)/m/n' will be
(Font)              scaled to size 8.00073pt on input line 147.
LaTeX Font Info:    Font shape `TU/latinmodern-math.otf(2)/m/n' will be
(Font)              scaled to size 6.00055pt on input line 147.
LaTeX Font Info:    Font shape `TU/latinmodern-math.otf(3)/m/n' will be
(Font)              scaled to size 11.99872pt on input line 147.
LaTeX Font Info:    Font shape `TU/latinmodern-math.otf(3)/m/n' will be
(Font)              scaled to size 7.99915pt on input line 147.
LaTeX Font Info:    Font shape `TU/latinmodern-math.otf(3)/m/n' will be
(Font)              scaled to size 5.99936pt on input line 147.
LaTeX Font Info:    Trying to load font information for U+msa on input line 147
.
(/usr/local/texlive/2020/texmf-dist/tex/latex/amsfonts/umsa.fd
File: umsa.fd 2013/01/14 v3.01 AMS symbols A
) (/usr/local/texlive/2020/texmf-dist/tex/latex/microtype/mt-msa.cfg
File: mt-msa.cfg 2006/02/04 v1.1 microtype config. file: AMS symbols (a) (RS)
)
LaTeX Font Info:    Trying to load font information for U+msb on input line 147
.
(/usr/local/texlive/2020/texmf-dist/tex/latex/amsfonts/umsb.fd
File: umsb.fd 2013/01/14 v3.01 AMS symbols B
) (/usr/local/texlive/2020/texmf-dist/tex/latex/microtype/mt-msb.cfg
File: mt-msb.cfg 2005/06/01 v1.0 microtype config. file: AMS symbols (b) (RS)
) [1

] (./_main.toc
LaTeX Font Info:    Font shape `TU/latinmodern-math.otf(1)/m/n' will be
(Font)              scaled to size 7.0pt on input line 2.
LaTeX Font Info:    Font shape `TU/latinmodern-math.otf(1)/m/n' will be
(Font)              scaled to size 5.0pt on input line 2.
LaTeX Font Info:    Font shape `TU/latinmodern-math.otf(2)/m/n' will be
(Font)              scaled to size 10.00092pt on input line 2.
LaTeX Font Info:    Font shape `TU/latinmodern-math.otf(2)/m/n' will be
(Font)              scaled to size 7.00064pt on input line 2.
LaTeX Font Info:    Font shape `TU/latinmodern-math.otf(2)/m/n' will be
(Font)              scaled to size 5.00046pt on input line 2.
LaTeX Font Info:    Font shape `TU/latinmodern-math.otf(3)/m/n' will be
(Font)              scaled to size 9.99893pt on input line 2.
LaTeX Font Info:    Font shape `TU/latinmodern-math.otf(3)/m/n' will be
(Font)              scaled to size 6.99925pt on input line 2.
LaTeX Font Info:    Font shape `TU/latinmodern-math.otf(3)/m/n' will be
(Font)              scaled to size 4.99947pt on input line 2.
[1

])
\tf@toc=\write4
\openout4 = `_main.toc'.

[2]
Chapter 1.
[3

]
Chapter 2.

Underfull \hbox (badness 4303) in paragraph at lines 185--185
[]\TU/lmr/bx/n/14.4 The Spiritual Harm and Abuse Scale
 []

[4

]
Chapter 3.
[5

] [6] [7]
Chapter 4.
[8

]
Chapter 5.
[9

] [10]
Underfull \vbox (badness 10000) detected at line 420
 []


Underfull \vbox (badness 10000) detected at line 420
 []

[11]

Package natbib Warning: Citation `VIM' on page 12 undefined on input line 425.

File: _main_files/figure-latex/vim-plots-1.pdf Graphic file (type pdf)
<use _main_files/figure-latex/vim-plots-1.pdf>
[12] [13]
Underfull \vbox (badness 10000) detected at line 515
 []

[14]
Overfull \hbox (6.75pt too wide) in paragraph at lines 541--541
[]    \TU/lmtt/m/n/10 Q68   Q69   Q70   Q71   Q72   Q73   Q74   Q76   Q77   Q78
   Q79[] 
 []


Overfull \hbox (17.25pt too wide) in paragraph at lines 541--541
[]\TU/lmtt/m/n/10 Q79  0.98  0.98  0.97  0.98  0.97  0.98  0.97  0.97  0.98  0.
98  1.00[] 
 []


Overfull \hbox (17.25pt too wide) in paragraph at lines 541--541
[]\TU/lmtt/m/n/10 Q80  0.98  0.98  0.98  0.99  0.98  0.98  0.98  0.99  0.98  0.
98  0.97[] 
 []


Overfull \hbox (17.25pt too wide) in paragraph at lines 541--541
[]\TU/lmtt/m/n/10 Q81  1.00  0.99  0.99  1.00  0.99  1.00  0.99  0.99  0.99  0.
99  0.98[] 
 []


Overfull \hbox (17.25pt too wide) in paragraph at lines 541--541
[]\TU/lmtt/m/n/10 Q82  0.99  0.99  0.98  0.99  0.98  0.98  0.98  0.99  0.99  0.
98  0.97[] 
 []


Overfull \hbox (17.25pt too wide) in paragraph at lines 541--541
[]\TU/lmtt/m/n/10 Q84  0.01  0.00  0.00  0.00  0.03  0.03  0.02  0.02    NA  0.
01  0.01[] 
 []


Overfull \hbox (17.25pt too wide) in paragraph at lines 541--541
[]\TU/lmtt/m/n/10 Q85  0.01  0.04  0.03  0.01  0.03  0.01 -0.01  0.04    NA  0.
06 -0.01[] 
 []

File: _main_files/figure-latex/trigger-1.pdf Graphic file (type pdf)
<use _main_files/figure-latex/trigger-1.pdf>

LaTeX Warning: Reference `fig:trigger' on page 15 undefined on input line 550.


LaTeX Warning: Reference `fig:mcar' on page 15 undefined on input line 550.

[15]
Underfull \vbox (badness 10000) detected at line 571
 []

[16] [17]
Chapter 6.
[18

]
Overfull \hbox (48.75pt too wide) in paragraph at lines 805--805
[]    \TU/lmtt/m/n/10 nbr.val nbr.null nbr.na min max range   sum median     me
an     SE.mean[] 
 []


Overfull \hbox (48.75pt too wide) in paragraph at lines 805--805
[]\TU/lmtt/m/n/10 Q46    3211        0     11   1   5     4  3560      1 1.1086
89 0.008490661[] 
 []


Overfull \hbox (48.75pt too wide) in paragraph at lines 805--805
[]\TU/lmtt/m/n/10 Q41    3211        0     11   1   5     4  4091      1 1.2740
58 0.015489036[] 
 []


Overfull \hbox (48.75pt too wide) in paragraph at lines 805--805
[]\TU/lmtt/m/n/10 Q17    3208        0     14   1   5     4  4288      1 1.3366
58 0.017179617[] 
 []


Overfull \hbox (48.75pt too wide) in paragraph at lines 805--805
[]\TU/lmtt/m/n/10 Q47    3218        0      4   1   5     4  4758      1 1.4785
58 0.015127455[] 
 []


Overfull \hbox (48.75pt too wide) in paragraph at lines 805--805
[]\TU/lmtt/m/n/10 Q60    3214        0      8   1   5     4  4784      1 1.4884
88 0.017484938[] 
 []

[19]
Overfull \hbox (48.75pt too wide) in paragraph at lines 805--805
[]\TU/lmtt/m/n/10 Q55    3205        0     17   1   5     4  5067      1 1.5809
67 0.016718556[] 
 []


Overfull \hbox (48.75pt too wide) in paragraph at lines 805--805
[]\TU/lmtt/m/n/10 Q72    3070        0    152   1   5     4  5027      1 1.6374
59 0.017919686[] 
 []


Overfull \hbox (48.75pt too wide) in paragraph at lines 805--805
[]\TU/lmtt/m/n/10 Q81    3073        0    149   1   5     4  5435      1 1.7686
30 0.018681107[] 
 []


Overfull \hbox (48.75pt too wide) in paragraph at lines 805--805
[]\TU/lmtt/m/n/10 Q65    3220        0      2   1   5     4  5868      1 1.8223
60 0.020744262[] 
 []


Overfull \hbox (48.75pt too wide) in paragraph at lines 805--805
[]\TU/lmtt/m/n/10 Q10    3220        0      2   1   5     4  5887      1 1.8282
61 0.020808433[] 
 []


Overfull \hbox (48.75pt too wide) in paragraph at lines 805--805
[]\TU/lmtt/m/n/10 Q26    3212        0     10   1   5     4  6005      1 1.8695
52 0.022437462[] 
 []


Overfull \hbox (48.75pt too wide) in paragraph at lines 805--805
[]\TU/lmtt/m/n/10 Q24    3221        0      1   1   5     4  6074      1 1.8857
50 0.020727511[] 
 []


Overfull \hbox (48.75pt too wide) in paragraph at lines 805--805
[]\TU/lmtt/m/n/10 Q23    3219        0      3   1   5     4  6170      1 1.9167
44 0.019956972[] 
 []


Overfull \hbox (48.75pt too wide) in paragraph at lines 805--805
[]\TU/lmtt/m/n/10 Q27    3217        0      5   1   5     4  6236      1 1.9384
52 0.023790856[] 
 []


Overfull \hbox (48.75pt too wide) in paragraph at lines 805--805
[]\TU/lmtt/m/n/10 Q31    3217        0      5   1   5     4  6531      2 2.0301
52 0.020911316[] 
 []


Overfull \hbox (48.75pt too wide) in paragraph at lines 805--805
[]\TU/lmtt/m/n/10 Q30    3219        0      3   1   5     4  6581      2 2.0444
24 0.022072319[] 
 []


Overfull \hbox (48.75pt too wide) in paragraph at lines 805--805
[]\TU/lmtt/m/n/10 Q43    3217        0      5   1   5     4  6577      2 2.0444
51 0.020824627[] 
 []


Overfull \hbox (48.75pt too wide) in paragraph at lines 805--805
[]\TU/lmtt/m/n/10 Q68    3073        0    149   1   5     4  6316      2 2.0553
21 0.022266844[] 
 []


Overfull \hbox (48.75pt too wide) in paragraph at lines 805--805
[]\TU/lmtt/m/n/10 Q52    3217        0      5   1   5     4  6683      2 2.0774
01 0.022288789[] 
 []


Overfull \hbox (48.75pt too wide) in paragraph at lines 805--805
[]\TU/lmtt/m/n/10 Q70    3069        0    153   1   5     4  6477      2 2.1104
59 0.021364098[] 
 []


Overfull \hbox (48.75pt too wide) in paragraph at lines 805--805
[]\TU/lmtt/m/n/10 Q49    3213        0      9   1   5     4  6822      2 2.1232
49 0.021761390[] 
 []


Overfull \hbox (48.75pt too wide) in paragraph at lines 805--805
[]\TU/lmtt/m/n/10 Q16    3217        0      5   1   5     4  6851      2 2.1296
24 0.022434067[] 
 []


Overfull \hbox (48.75pt too wide) in paragraph at lines 805--805
[]\TU/lmtt/m/n/10 Q57    3219        0      3   1   5     4  6931      2 2.1531
53 0.023485372[] 
 []


Overfull \hbox (48.75pt too wide) in paragraph at lines 805--805
[]\TU/lmtt/m/n/10 Q20    3217        0      5   1   5     4  6939      2 2.1569
79 0.024428124[] 
 []


Overfull \hbox (48.75pt too wide) in paragraph at lines 805--805
[]\TU/lmtt/m/n/10 Q62    3220        0      2   1   5     4  6961      2 2.1618
01 0.021779530[] 
 []


Overfull \hbox (48.75pt too wide) in paragraph at lines 805--805
[]\TU/lmtt/m/n/10 Q59    3217        0      5   1   5     4  6962      2 2.1641
28 0.021672305[] 
 []


Overfull \hbox (48.75pt too wide) in paragraph at lines 805--805
[]\TU/lmtt/m/n/10 Q21    3218        0      4   1   5     4  7081      1 2.2004
35 0.025831450[] 
 []


Overfull \hbox (48.75pt too wide) in paragraph at lines 805--805
[]\TU/lmtt/m/n/10 Q50    3219        0      3   1   5     4  7181      1 2.2308
17 0.025990704[] 
 []


Overfull \hbox (48.75pt too wide) in paragraph at lines 805--805
[]\TU/lmtt/m/n/10 Q82    3071        0    151   1   5     4  6870      2 2.2370
56 0.021826439[] 
 []


Overfull \hbox (48.75pt too wide) in paragraph at lines 805--805
[]\TU/lmtt/m/n/10 Q64    3220        0      2   1   5     4  7263      2 2.2555
90 0.022468413[] 
 []


Overfull \hbox (48.75pt too wide) in paragraph at lines 805--805
[]\TU/lmtt/m/n/10 Q28    3216        0      6   1   5     4  7276      2 2.2624
38 0.022075077[] 
 []


Overfull \hbox (48.75pt too wide) in paragraph at lines 805--805
[]\TU/lmtt/m/n/10 Q40    3220        0      2   1   5     4  7334      2 2.2776
40 0.024425246[] 
 []


Overfull \hbox (48.75pt too wide) in paragraph at lines 805--805
[]\TU/lmtt/m/n/10 Q63    3217        0      5   1   5     4  7396      2 2.2990
36 0.021966859[] 
 []


Overfull \hbox (48.75pt too wide) in paragraph at lines 805--805
[]\TU/lmtt/m/n/10 Q19    3219        0      3   1   5     4  7460      2 2.3174
90 0.023452526[] 
 []


Overfull \hbox (48.75pt too wide) in paragraph at lines 805--805
[]\TU/lmtt/m/n/10 Q51    3216        0      6   1   5     4  7508      2 2.3345
77 0.024281404[] 
 []


Overfull \hbox (48.75pt too wide) in paragraph at lines 805--805
[]\TU/lmtt/m/n/10 Q53    3218        0      4   1   5     4  7596      2 2.3604
72 0.023856535[] 
 []


Overfull \hbox (48.75pt too wide) in paragraph at lines 805--805
[]\TU/lmtt/m/n/10 Q79    3068        0    154   1   5     4  7350      2 2.3956
98 0.022911965[] 
 []


Overfull \hbox (48.75pt too wide) in paragraph at lines 805--805
[]\TU/lmtt/m/n/10 Q34    3219        0      3   1   5     4  7919      2 2.4600
81 0.023465067[] 
 []


Overfull \hbox (48.75pt too wide) in paragraph at lines 805--805
[]\TU/lmtt/m/n/10 Q29    3213        0      9   1   5     4  7941      2 2.4715
22 0.023642519[] 
 []


Overfull \hbox (48.75pt too wide) in paragraph at lines 805--805
[]\TU/lmtt/m/n/10 Q73    3072        0    150   1   5     4  7672      2 2.4973
96 0.023590018[] 
 []


Overfull \hbox (48.75pt too wide) in paragraph at lines 805--805
[]\TU/lmtt/m/n/10 Q11    3216        0      6   1   5     4  8090      2 2.5155
47 0.023890349[] 
 []


Overfull \hbox (48.75pt too wide) in paragraph at lines 805--805
[]\TU/lmtt/m/n/10 Q58    3220        0      2   1   5     4  8161      2 2.5344
72 0.023641218[] 
 []


Overfull \hbox (48.75pt too wide) in paragraph at lines 805--805
[]\TU/lmtt/m/n/10 Q7     3215        0      7   1   5     4  8151      2 2.5353
03 0.025218942[] 
 []


Overfull \hbox (48.75pt too wide) in paragraph at lines 805--805
[]\TU/lmtt/m/n/10 Q42    3215        0      7   1   5     4  8344      3 2.5953
34 0.022038135[] 
 []


Overfull \hbox (48.75pt too wide) in paragraph at lines 805--805
[]\TU/lmtt/m/n/10 Q44    3217        0      5   1   5     4  8404      3 2.6123
72 0.023883741[] 
 []


Overfull \hbox (48.75pt too wide) in paragraph at lines 805--805
[]\TU/lmtt/m/n/10 Q56    3217        0      5   1   5     4  8760      3 2.7230
34 0.024094459[] 
 []


Overfull \hbox (48.75pt too wide) in paragraph at lines 805--805
[]\TU/lmtt/m/n/10 Q18    3220        0      2   1   5     4  8841      3 2.7456
52 0.024196861[] 
 []


Overfull \hbox (48.75pt too wide) in paragraph at lines 805--805
[]\TU/lmtt/m/n/10 Q45    3219        0      3   1   5     4  8883      3 2.7595
53 0.025541840[] 
 []


Overfull \hbox (48.75pt too wide) in paragraph at lines 805--805
[]\TU/lmtt/m/n/10 Q78    3071        0    151   1   5     4  8521      3 2.7746
66 0.023426479[] 
 []


Overfull \hbox (48.75pt too wide) in paragraph at lines 805--805
[]\TU/lmtt/m/n/10 Q36    3216        0      6   1   5     4  8934      3 2.7779
85 0.023564784[] 
 []


Overfull \hbox (48.75pt too wide) in paragraph at lines 805--805
[]\TU/lmtt/m/n/10 Q61    3219        0      3   1   5     4  8950      3 2.7803
67 0.025864513[] 
 []

[20]
Overfull \hbox (48.75pt too wide) in paragraph at lines 805--805
[]\TU/lmtt/m/n/10 Q32    3219        0      3   1   5     4  8970      3 2.7865
80 0.023280773[] 
 []


Overfull \hbox (48.75pt too wide) in paragraph at lines 805--805
[]\TU/lmtt/m/n/10 Q74    3071        0    151   1   5     4  8569      3 2.7902
96 0.023365007[] 
 []


Overfull \hbox (48.75pt too wide) in paragraph at lines 805--805
[]\TU/lmtt/m/n/10 Q76    3072        0    150   1   5     4  8686      3 2.8274
74 0.026741805[] 
 []


Overfull \hbox (48.75pt too wide) in paragraph at lines 805--805
[]\TU/lmtt/m/n/10 Q54    3217        0      5   1   5     4  9383      3 2.9166
93 0.024734726[] 
 []


Overfull \hbox (48.75pt too wide) in paragraph at lines 805--805
[]\TU/lmtt/m/n/10 Q37    3221        0      1   1   5     4  9469      3 2.9397
70 0.024280108[] 
 []


Overfull \hbox (48.75pt too wide) in paragraph at lines 805--805
[]\TU/lmtt/m/n/10 Q38    3217        0      5   1   5     4  9488      3 2.9493
32 0.024725087[] 
 []


Overfull \hbox (48.75pt too wide) in paragraph at lines 805--805
[]\TU/lmtt/m/n/10 Q71    3074        0    148   1   5     4  9240      3 3.0058
56 0.024589907[] 
 []


Overfull \hbox (48.75pt too wide) in paragraph at lines 805--805
[]\TU/lmtt/m/n/10 Q69    3071        0    151   1   5     4  9255      3 3.0136
76 0.021621379[] 
 []


Overfull \hbox (48.75pt too wide) in paragraph at lines 805--805
[]\TU/lmtt/m/n/10 Q39    3219        0      3   1   5     4  9826      3 3.0525
01 0.026028978[] 
 []


Overfull \hbox (48.75pt too wide) in paragraph at lines 805--805
[]\TU/lmtt/m/n/10 Q80    3070        0    152   1   5     4  9423      3 3.0693
81 0.022153977[] 
 []


Overfull \hbox (48.75pt too wide) in paragraph at lines 805--805
[]\TU/lmtt/m/n/10 Q77    3075        0    147   1   5     4  9479      3 3.0826
02 0.023042783[] 
 []


Overfull \hbox (48.75pt too wide) in paragraph at lines 805--805
[]\TU/lmtt/m/n/10 Q35    3217        0      5   1   5     4 10049      3 3.1237
18 0.024544640[] 
 []


Overfull \hbox (48.75pt too wide) in paragraph at lines 805--805
[]\TU/lmtt/m/n/10 Q25    3217        0      5   1   5     4 10243      3 3.1840
22 0.023217693[] 
 []


Overfull \hbox (48.75pt too wide) in paragraph at lines 805--805
[]\TU/lmtt/m/n/10 Q66    3216        0      6   1   5     4 10510      3 3.2680
35 0.024787878[] 
 []


Overfull \hbox (48.75pt too wide) in paragraph at lines 805--805
[]\TU/lmtt/m/n/10 Q22    3218        0      4   1   5     4 10713      4 3.3290
86 0.026288815[] 
 []

[21]
Overfull \hbox (48.75pt too wide) in paragraph at lines 948--948
[]    \TU/lmtt/m/n/10 nbr.val nbr.null nbr.na min max range   sum median     me
an     SE.mean[] 
 []


Overfull \hbox (48.75pt too wide) in paragraph at lines 948--948
[]\TU/lmtt/m/n/10 Q79    3068        0    154   1   5     4  7350      2 2.3956
98 0.022911965[] 
 []


Overfull \hbox (48.75pt too wide) in paragraph at lines 948--948
[]\TU/lmtt/m/n/10 Q70    3069        0    153   1   5     4  6477      2 2.1104
59 0.021364098[] 
 []


Overfull \hbox (48.75pt too wide) in paragraph at lines 948--948
[]\TU/lmtt/m/n/10 Q72    3070        0    152   1   5     4  5027      1 1.6374
59 0.017919686[] 
 []


Overfull \hbox (48.75pt too wide) in paragraph at lines 948--948
[]\TU/lmtt/m/n/10 Q80    3070        0    152   1   5     4  9423      3 3.0693
81 0.022153977[] 
 []


Overfull \hbox (48.75pt too wide) in paragraph at lines 948--948
[]\TU/lmtt/m/n/10 Q69    3071        0    151   1   5     4  9255      3 3.0136
76 0.021621379[] 
 []


Overfull \hbox (48.75pt too wide) in paragraph at lines 948--948
[]\TU/lmtt/m/n/10 Q74    3071        0    151   1   5     4  8569      3 2.7902
96 0.023365007[] 
 []

[22]
Overfull \hbox (48.75pt too wide) in paragraph at lines 948--948
[]\TU/lmtt/m/n/10 Q78    3071        0    151   1   5     4  8521      3 2.7746
66 0.023426479[] 
 []


Overfull \hbox (48.75pt too wide) in paragraph at lines 948--948
[]\TU/lmtt/m/n/10 Q82    3071        0    151   1   5     4  6870      2 2.2370
56 0.021826439[] 
 []


Overfull \hbox (48.75pt too wide) in paragraph at lines 948--948
[]\TU/lmtt/m/n/10 Q73    3072        0    150   1   5     4  7672      2 2.4973
96 0.023590018[] 
 []


Overfull \hbox (48.75pt too wide) in paragraph at lines 948--948
[]\TU/lmtt/m/n/10 Q76    3072        0    150   1   5     4  8686      3 2.8274
74 0.026741805[] 
 []


Overfull \hbox (48.75pt too wide) in paragraph at lines 948--948
[]\TU/lmtt/m/n/10 Q68    3073        0    149   1   5     4  6316      2 2.0553
21 0.022266844[] 
 []


Overfull \hbox (48.75pt too wide) in paragraph at lines 948--948
[]\TU/lmtt/m/n/10 Q81    3073        0    149   1   5     4  5435      1 1.7686
30 0.018681107[] 
 []


Overfull \hbox (48.75pt too wide) in paragraph at lines 948--948
[]\TU/lmtt/m/n/10 Q71    3074        0    148   1   5     4  9240      3 3.0058
56 0.024589907[] 
 []


Overfull \hbox (48.75pt too wide) in paragraph at lines 948--948
[]\TU/lmtt/m/n/10 Q77    3075        0    147   1   5     4  9479      3 3.0826
02 0.023042783[] 
 []


Overfull \hbox (48.75pt too wide) in paragraph at lines 948--948
[]\TU/lmtt/m/n/10 Q55    3205        0     17   1   5     4  5067      1 1.5809
67 0.016718556[] 
 []


Overfull \hbox (48.75pt too wide) in paragraph at lines 948--948
[]\TU/lmtt/m/n/10 Q17    3208        0     14   1   5     4  4288      1 1.3366
58 0.017179617[] 
 []


Overfull \hbox (48.75pt too wide) in paragraph at lines 948--948
[]\TU/lmtt/m/n/10 Q41    3211        0     11   1   5     4  4091      1 1.2740
58 0.015489036[] 
 []


Overfull \hbox (48.75pt too wide) in paragraph at lines 948--948
[]\TU/lmtt/m/n/10 Q46    3211        0     11   1   5     4  3560      1 1.1086
89 0.008490661[] 
 []


Overfull \hbox (48.75pt too wide) in paragraph at lines 948--948
[]\TU/lmtt/m/n/10 Q26    3212        0     10   1   5     4  6005      1 1.8695
52 0.022437462[] 
 []


Overfull \hbox (48.75pt too wide) in paragraph at lines 948--948
[]\TU/lmtt/m/n/10 Q29    3213        0      9   1   5     4  7941      2 2.4715
22 0.023642519[] 
 []


Overfull \hbox (48.75pt too wide) in paragraph at lines 948--948
[]\TU/lmtt/m/n/10 Q49    3213        0      9   1   5     4  6822      2 2.1232
49 0.021761390[] 
 []


Overfull \hbox (48.75pt too wide) in paragraph at lines 948--948
[]\TU/lmtt/m/n/10 Q60    3214        0      8   1   5     4  4784      1 1.4884
88 0.017484938[] 
 []


Overfull \hbox (48.75pt too wide) in paragraph at lines 948--948
[]\TU/lmtt/m/n/10 Q7     3215        0      7   1   5     4  8151      2 2.5353
03 0.025218942[] 
 []


Overfull \hbox (48.75pt too wide) in paragraph at lines 948--948
[]\TU/lmtt/m/n/10 Q42    3215        0      7   1   5     4  8344      3 2.5953
34 0.022038135[] 
 []


Overfull \hbox (48.75pt too wide) in paragraph at lines 948--948
[]\TU/lmtt/m/n/10 Q11    3216        0      6   1   5     4  8090      2 2.5155
47 0.023890349[] 
 []


Overfull \hbox (48.75pt too wide) in paragraph at lines 948--948
[]\TU/lmtt/m/n/10 Q28    3216        0      6   1   5     4  7276      2 2.2624
38 0.022075077[] 
 []


Overfull \hbox (48.75pt too wide) in paragraph at lines 948--948
[]\TU/lmtt/m/n/10 Q36    3216        0      6   1   5     4  8934      3 2.7779
85 0.023564784[] 
 []


Overfull \hbox (48.75pt too wide) in paragraph at lines 948--948
[]\TU/lmtt/m/n/10 Q51    3216        0      6   1   5     4  7508      2 2.3345
77 0.024281404[] 
 []


Overfull \hbox (48.75pt too wide) in paragraph at lines 948--948
[]\TU/lmtt/m/n/10 Q66    3216        0      6   1   5     4 10510      3 3.2680
35 0.024787878[] 
 []


Overfull \hbox (48.75pt too wide) in paragraph at lines 948--948
[]\TU/lmtt/m/n/10 Q16    3217        0      5   1   5     4  6851      2 2.1296
24 0.022434067[] 
 []


Overfull \hbox (48.75pt too wide) in paragraph at lines 948--948
[]\TU/lmtt/m/n/10 Q20    3217        0      5   1   5     4  6939      2 2.1569
79 0.024428124[] 
 []


Overfull \hbox (48.75pt too wide) in paragraph at lines 948--948
[]\TU/lmtt/m/n/10 Q25    3217        0      5   1   5     4 10243      3 3.1840
22 0.023217693[] 
 []


Overfull \hbox (48.75pt too wide) in paragraph at lines 948--948
[]\TU/lmtt/m/n/10 Q27    3217        0      5   1   5     4  6236      1 1.9384
52 0.023790856[] 
 []


Overfull \hbox (48.75pt too wide) in paragraph at lines 948--948
[]\TU/lmtt/m/n/10 Q31    3217        0      5   1   5     4  6531      2 2.0301
52 0.020911316[] 
 []


Overfull \hbox (48.75pt too wide) in paragraph at lines 948--948
[]\TU/lmtt/m/n/10 Q35    3217        0      5   1   5     4 10049      3 3.1237
18 0.024544640[] 
 []


Overfull \hbox (48.75pt too wide) in paragraph at lines 948--948
[]\TU/lmtt/m/n/10 Q38    3217        0      5   1   5     4  9488      3 2.9493
32 0.024725087[] 
 []


Overfull \hbox (48.75pt too wide) in paragraph at lines 948--948
[]\TU/lmtt/m/n/10 Q43    3217        0      5   1   5     4  6577      2 2.0444
51 0.020824627[] 
 []


Overfull \hbox (48.75pt too wide) in paragraph at lines 948--948
[]\TU/lmtt/m/n/10 Q44    3217        0      5   1   5     4  8404      3 2.6123
72 0.023883741[] 
 []


Overfull \hbox (48.75pt too wide) in paragraph at lines 948--948
[]\TU/lmtt/m/n/10 Q52    3217        0      5   1   5     4  6683      2 2.0774
01 0.022288789[] 
 []


Overfull \hbox (48.75pt too wide) in paragraph at lines 948--948
[]\TU/lmtt/m/n/10 Q54    3217        0      5   1   5     4  9383      3 2.9166
93 0.024734726[] 
 []


Overfull \hbox (48.75pt too wide) in paragraph at lines 948--948
[]\TU/lmtt/m/n/10 Q56    3217        0      5   1   5     4  8760      3 2.7230
34 0.024094459[] 
 []


Overfull \hbox (48.75pt too wide) in paragraph at lines 948--948
[]\TU/lmtt/m/n/10 Q59    3217        0      5   1   5     4  6962      2 2.1641
28 0.021672305[] 
 []


Overfull \hbox (48.75pt too wide) in paragraph at lines 948--948
[]\TU/lmtt/m/n/10 Q63    3217        0      5   1   5     4  7396      2 2.2990
36 0.021966859[] 
 []


Overfull \hbox (48.75pt too wide) in paragraph at lines 948--948
[]\TU/lmtt/m/n/10 Q21    3218        0      4   1   5     4  7081      1 2.2004
35 0.025831450[] 
 []


Overfull \hbox (48.75pt too wide) in paragraph at lines 948--948
[]\TU/lmtt/m/n/10 Q22    3218        0      4   1   5     4 10713      4 3.3290
86 0.026288815[] 
 []


Overfull \hbox (48.75pt too wide) in paragraph at lines 948--948
[]\TU/lmtt/m/n/10 Q47    3218        0      4   1   5     4  4758      1 1.4785
58 0.015127455[] 
 []


Overfull \hbox (48.75pt too wide) in paragraph at lines 948--948
[]\TU/lmtt/m/n/10 Q53    3218        0      4   1   5     4  7596      2 2.3604
72 0.023856535[] 
 []


Overfull \hbox (48.75pt too wide) in paragraph at lines 948--948
[]\TU/lmtt/m/n/10 Q19    3219        0      3   1   5     4  7460      2 2.3174
90 0.023452526[] 
 []


Overfull \hbox (48.75pt too wide) in paragraph at lines 948--948
[]\TU/lmtt/m/n/10 Q23    3219        0      3   1   5     4  6170      1 1.9167
44 0.019956972[] 
 []


Overfull \hbox (48.75pt too wide) in paragraph at lines 948--948
[]\TU/lmtt/m/n/10 Q30    3219        0      3   1   5     4  6581      2 2.0444
24 0.022072319[] 
 []


Overfull \hbox (48.75pt too wide) in paragraph at lines 948--948
[]\TU/lmtt/m/n/10 Q32    3219        0      3   1   5     4  8970      3 2.7865
80 0.023280773[] 
 []


Overfull \hbox (48.75pt too wide) in paragraph at lines 948--948
[]\TU/lmtt/m/n/10 Q34    3219        0      3   1   5     4  7919      2 2.4600
81 0.023465067[] 
 []

[23]
Overfull \hbox (48.75pt too wide) in paragraph at lines 948--948
[]\TU/lmtt/m/n/10 Q39    3219        0      3   1   5     4  9826      3 3.0525
01 0.026028978[] 
 []


Overfull \hbox (48.75pt too wide) in paragraph at lines 948--948
[]\TU/lmtt/m/n/10 Q45    3219        0      3   1   5     4  8883      3 2.7595
53 0.025541840[] 
 []


Overfull \hbox (48.75pt too wide) in paragraph at lines 948--948
[]\TU/lmtt/m/n/10 Q50    3219        0      3   1   5     4  7181      1 2.2308
17 0.025990704[] 
 []


Overfull \hbox (48.75pt too wide) in paragraph at lines 948--948
[]\TU/lmtt/m/n/10 Q57    3219        0      3   1   5     4  6931      2 2.1531
53 0.023485372[] 
 []


Overfull \hbox (48.75pt too wide) in paragraph at lines 948--948
[]\TU/lmtt/m/n/10 Q61    3219        0      3   1   5     4  8950      3 2.7803
67 0.025864513[] 
 []


Overfull \hbox (48.75pt too wide) in paragraph at lines 948--948
[]\TU/lmtt/m/n/10 Q10    3220        0      2   1   5     4  5887      1 1.8282
61 0.020808433[] 
 []


Overfull \hbox (48.75pt too wide) in paragraph at lines 948--948
[]\TU/lmtt/m/n/10 Q18    3220        0      2   1   5     4  8841      3 2.7456
52 0.024196861[] 
 []


Overfull \hbox (48.75pt too wide) in paragraph at lines 948--948
[]\TU/lmtt/m/n/10 Q40    3220        0      2   1   5     4  7334      2 2.2776
40 0.024425246[] 
 []


Overfull \hbox (48.75pt too wide) in paragraph at lines 948--948
[]\TU/lmtt/m/n/10 Q58    3220        0      2   1   5     4  8161      2 2.5344
72 0.023641218[] 
 []


Overfull \hbox (48.75pt too wide) in paragraph at lines 948--948
[]\TU/lmtt/m/n/10 Q62    3220        0      2   1   5     4  6961      2 2.1618
01 0.021779530[] 
 []


Overfull \hbox (48.75pt too wide) in paragraph at lines 948--948
[]\TU/lmtt/m/n/10 Q64    3220        0      2   1   5     4  7263      2 2.2555
90 0.022468413[] 
 []


Overfull \hbox (48.75pt too wide) in paragraph at lines 948--948
[]\TU/lmtt/m/n/10 Q65    3220        0      2   1   5     4  5868      1 1.8223
60 0.020744262[] 
 []


Overfull \hbox (48.75pt too wide) in paragraph at lines 948--948
[]\TU/lmtt/m/n/10 Q24    3221        0      1   1   5     4  6074      1 1.8857
50 0.020727511[] 
 []


Overfull \hbox (48.75pt too wide) in paragraph at lines 948--948
[]\TU/lmtt/m/n/10 Q37    3221        0      1   1   5     4  9469      3 2.9397
70 0.024280108[] 
 []

[24] [25]

Package natbib Warning: Citation `ltm' on page 26 undefined on input line 982.

[26] [27]
Overfull \hbox (48.75pt too wide) in paragraph at lines 1206--1206
[]         \TU/lmtt/m/n/10 Q7    Q10    Q11    Q16     Q17    Q18    Q19    Q20
    Q21    Q22[] 
 []


Overfull \hbox (48.75pt too wide) in paragraph at lines 1206--1206
[]\TU/lmtt/m/n/10 Freq 7.0000 2.0000 6.0000 5.0000 14.0000 2.0000 3.0000 5.0000
 4.0000 4.0000[] 
 []


Overfull \hbox (48.75pt too wide) in paragraph at lines 1206--1206
[]\TU/lmtt/m/n/10 (%)  0.2173 0.0621 0.1862 0.1552  0.4345 0.0621 0.0931 0.1552
 0.1241 0.1241[] 
 []


Overfull \hbox (43.5pt too wide) in paragraph at lines 1206--1206
[]        \TU/lmtt/m/n/10 Q23   Q24    Q25     Q26    Q27    Q28    Q29    Q30 
   Q31    Q32[] 
 []


Overfull \hbox (43.5pt too wide) in paragraph at lines 1206--1206
[]\TU/lmtt/m/n/10 Freq 3.0000 1.000 5.0000 10.0000 5.0000 6.0000 9.0000 3.0000 
5.0000 3.0000[] 
 []


Overfull \hbox (43.5pt too wide) in paragraph at lines 1206--1206
[]\TU/lmtt/m/n/10 (%)  0.0931 0.031 0.1552  0.3104 0.1552 0.1862 0.2793 0.0931 
0.1552 0.0931[] 
 []


Overfull \hbox (43.5pt too wide) in paragraph at lines 1206--1206
[]        \TU/lmtt/m/n/10 Q34    Q35    Q36   Q37    Q38    Q39    Q40     Q41 
   Q42    Q43[] 
 []


Overfull \hbox (43.5pt too wide) in paragraph at lines 1206--1206
[]\TU/lmtt/m/n/10 Freq 3.0000 5.0000 6.0000 1.000 5.0000 3.0000 2.0000 11.0000 
7.0000 5.0000[] 
 []


Overfull \hbox (43.5pt too wide) in paragraph at lines 1206--1206
[]\TU/lmtt/m/n/10 (%)  0.0931 0.1552 0.1862 0.031 0.1552 0.0931 0.0621  0.3414 
0.2173 0.1552[] 
 []


Overfull \hbox (48.75pt too wide) in paragraph at lines 1206--1206
[]        \TU/lmtt/m/n/10 Q44    Q45     Q46    Q47    Q49    Q50    Q51    Q52
    Q53    Q54[] 
 []


Overfull \hbox (48.75pt too wide) in paragraph at lines 1206--1206
[]\TU/lmtt/m/n/10 Freq 5.0000 3.0000 11.0000 4.0000 9.0000 3.0000 6.0000 5.0000
 4.0000 5.0000[] 
 []


Overfull \hbox (48.75pt too wide) in paragraph at lines 1206--1206
[]\TU/lmtt/m/n/10 (%)  0.1552 0.0931  0.3414 0.1241 0.2793 0.0931 0.1862 0.1552
 0.1241 0.1552[] 
 []


Overfull \hbox (48.75pt too wide) in paragraph at lines 1206--1206
[]         \TU/lmtt/m/n/10 Q55    Q56    Q57    Q58    Q59    Q60    Q61    Q62
    Q63    Q64[] 
 []


Overfull \hbox (48.75pt too wide) in paragraph at lines 1206--1206
[]\TU/lmtt/m/n/10 Freq 17.0000 5.0000 3.0000 2.0000 5.0000 8.0000 3.0000 2.0000
 5.0000 2.0000[] 
 []


Overfull \hbox (48.75pt too wide) in paragraph at lines 1206--1206
[]\TU/lmtt/m/n/10 (%)   0.5276 0.1552 0.0931 0.0621 0.1552 0.2483 0.0931 0.0621
 0.1552 0.0621[] 
 []


Overfull \hbox (33.0pt too wide) in paragraph at lines 1206--1206
[]        \TU/lmtt/m/n/10 Q65    Q66      Q68      Q69      Q70      Q71      Q
72      Q73[] 
 []


Overfull \hbox (33.0pt too wide) in paragraph at lines 1206--1206
[]\TU/lmtt/m/n/10 Freq 2.0000 6.0000 149.0000 151.0000 153.0000 148.0000 152.00
00 150.0000[] 
 []


Overfull \hbox (33.0pt too wide) in paragraph at lines 1206--1206
[]\TU/lmtt/m/n/10 (%)  0.0621 0.1862   4.6245   4.6865   4.7486   4.5934   4.71
76   4.6555[] 
 []


Overfull \hbox (54.0pt too wide) in paragraph at lines 1206--1206
[]          \TU/lmtt/m/n/10 Q74      Q76      Q77      Q78      Q79      Q80   
   Q81      Q82[] 
 []


Overfull \hbox (54.0pt too wide) in paragraph at lines 1206--1206
[]\TU/lmtt/m/n/10 Freq 151.0000 150.0000 147.0000 151.0000 154.0000 152.0000 14
9.0000 151.0000[] 
 []


Overfull \hbox (54.0pt too wide) in paragraph at lines 1206--1206
[]\TU/lmtt/m/n/10 (%)    4.6865   4.6555   4.5624   4.6865   4.7796   4.7176   
4.6245   4.6865[] 
 []


Overfull \hbox (69.75pt too wide) in paragraph at lines 1206--1206
[]     \TU/lmtt/m/n/10 66 67 68 69 70 71 72 73 74 75 76 77 78 79 80 81 82 83 84
 85 86 87 88 89 90[] 
 []


Overfull \hbox (69.75pt too wide) in paragraph at lines 1206--1206
[]\TU/lmtt/m/n/10 Freq 30 12 14 21 17 25 16 17 13 18 22 14 15 20 20 15 30 16 12
 16 20 18 24 24 17[] 
 []


Overfull \hbox (69.75pt too wide) in paragraph at lines 1206--1206
[]     \TU/lmtt/m/n/10 91 92 93 94 95 96 97 98 99 100 101 102 103 104 105 106 1
07 108 109 110 111[] 
 []


Overfull \hbox (69.75pt too wide) in paragraph at lines 1206--1206
[]\TU/lmtt/m/n/10 Freq 22 34 17 25 20 24 13 25 16  16  18  21  15  17  23  23  
23  21  17  18  17[] 
 []


Overfull \hbox (54.0pt too wide) in paragraph at lines 1206--1206
[]     \TU/lmtt/m/n/10 112 113 114 115 116 117 118 119 120 121 122 123 124 125 
126 127 128 129[] 
 []


Overfull \hbox (54.0pt too wide) in paragraph at lines 1206--1206
[]\TU/lmtt/m/n/10 Freq  20  16  15  21  21  16  17  21  18  22  20  19  24  13 
 14  19  17  14[] 
 []


Overfull \hbox (54.0pt too wide) in paragraph at lines 1206--1206
[]     \TU/lmtt/m/n/10 130 131 132 133 134 135 136 137 138 139 140 141 142 143 
144 145 146 147[] 
 []


Overfull \hbox (54.0pt too wide) in paragraph at lines 1206--1206
[]\TU/lmtt/m/n/10 Freq  16  19  17  12  16  18  19  23  13  18  15  18  19  16 
 21  14  26  17[] 
 []


Overfull \hbox (54.0pt too wide) in paragraph at lines 1206--1206
[]     \TU/lmtt/m/n/10 148 149 150 151 152 153 154 155 156 157 158 159 160 161 
162 163 164 165[] 
 []


Overfull \hbox (54.0pt too wide) in paragraph at lines 1206--1206
[]\TU/lmtt/m/n/10 Freq  19  17  16  16  14  27  18  15  27  19  23  28   9  11 
 30  27  16  14[] 
 []


Overfull \hbox (54.0pt too wide) in paragraph at lines 1206--1206
[]     \TU/lmtt/m/n/10 166 167 168 169 170 171 172 173 174 175 176 177 178 179 
180 181 182 183[] 
 []


Overfull \hbox (54.0pt too wide) in paragraph at lines 1206--1206
[]\TU/lmtt/m/n/10 Freq  26  15  23  10  17  16  11  16  14  18  13  13  18  14 
 14  18  21  16[] 
 []


Overfull \hbox (54.0pt too wide) in paragraph at lines 1206--1206
[]     \TU/lmtt/m/n/10 184 185 186 187 188 189 190 191 192 193 194 195 196 197 
198 199 200 201[] 
 []


Overfull \hbox (54.0pt too wide) in paragraph at lines 1206--1206
[]\TU/lmtt/m/n/10 Freq  17  17  10  13  16  17  17  13  13  19  22  17  18  12 
 13   9  15  25[] 
 []


Overfull \hbox (54.0pt too wide) in paragraph at lines 1206--1206
[]     \TU/lmtt/m/n/10 202 203 204 205 206 207 208 209 210 211 212 213 214 215 
216 217 218 219[] 
 []


Overfull \hbox (54.0pt too wide) in paragraph at lines 1206--1206
[]\TU/lmtt/m/n/10 Freq  15  16  14  14  14  12  22  10  13  20  19  18  17   7 
 12  10  17   8[] 
 []


Overfull \hbox (54.0pt too wide) in paragraph at lines 1206--1206
[]     \TU/lmtt/m/n/10 220 221 222 223 224 225 226 227 228 229 230 231 232 233 
234 235 236 237[] 
 []


Overfull \hbox (54.0pt too wide) in paragraph at lines 1206--1206
[]\TU/lmtt/m/n/10 Freq  12   7  18  14  15  13   7  11  14  11   8  11   9  14 
 13   8  11   7[] 
 []


Overfull \hbox (54.0pt too wide) in paragraph at lines 1206--1206
[]     \TU/lmtt/m/n/10 238 239 240 241 242 243 244 245 246 247 248 249 250 251 
252 253 254 255[] 
 []


Overfull \hbox (54.0pt too wide) in paragraph at lines 1206--1206
[]\TU/lmtt/m/n/10 Freq   8   8   6   9   6   8  10   7   8   7   3   9   6   7 
  5   8   7   7[] 
 []


Overfull \hbox (54.0pt too wide) in paragraph at lines 1206--1206
[]     \TU/lmtt/m/n/10 256 257 258 259 260 261 262 263 264 265 266 267 268 269 
270 271 272 273[] 
 []


Overfull \hbox (54.0pt too wide) in paragraph at lines 1206--1206
[]\TU/lmtt/m/n/10 Freq   4   3   5   6   7   5   8   2   3  11   4   3   4   7 
  1   3   5   4[] 
 []

[28]
Overfull \hbox (54.0pt too wide) in paragraph at lines 1206--1206
[]     \TU/lmtt/m/n/10 274 275 276 277 278 279 280 281 282 283 284 285 286 287 
288 289 290 291[] 
 []


Overfull \hbox (54.0pt too wide) in paragraph at lines 1206--1206
[]\TU/lmtt/m/n/10 Freq   1   2   3   3   3   3   3   2   2   2   1   0   2   2 
  3   2   3   1[] 
 []


Overfull \hbox (54.0pt too wide) in paragraph at lines 1206--1206
[]     \TU/lmtt/m/n/10 292 293 294 295 296 297 298 299 300 301 302 303 304 305 
306 307 308 309[] 
 []


Overfull \hbox (54.0pt too wide) in paragraph at lines 1206--1206
[]\TU/lmtt/m/n/10 Freq   0   2   1   1   1   2   2   1   0   1   2   0   0   0 
  0   0   0   0[] 
 []


Overfull \hbox (54.0pt too wide) in paragraph at lines 1206--1206
[]     \TU/lmtt/m/n/10 310 311 312 313 314 315 316 317 318 319 320 321 322 323 
324 325 326 327[] 
 []


Overfull \hbox (54.0pt too wide) in paragraph at lines 1206--1206
[]\TU/lmtt/m/n/10 Freq   2   0   0   2   0   0   0   0   0   0   1   0   0   0 
  0   0   0   0[] 
 []

[29] [30] [31]
Chapter 7.
[32

]
File: _main_files/figure-latex/corrmtrx-ext-1.pdf Graphic file (type pdf)
<use _main_files/figure-latex/corrmtrx-ext-1.pdf>
File: _main_files/figure-latex/corrmtrx-int-1.pdf Graphic file (type pdf)
<use _main_files/figure-latex/corrmtrx-int-1.pdf>
[33]
File: _main_files/figure-latex/corrmtrx-all-1.pdf Graphic file (type pdf)
<use _main_files/figure-latex/corrmtrx-all-1.pdf>
[34] [35] [36]
Chapter 8.
[37

]
File: _main_files/figure-latex/unnamed-chunk-11-1.pdf Graphic file (type pdf)
<use _main_files/figure-latex/unnamed-chunk-11-1.pdf>

Overfull \hbox (148.5pt too wide) in paragraph at lines 1375--1375
[]\TU/lmtt/m/n/10 Parallel analysis suggests that the number of factors =  16  
and the number of components =  6[] 
 []

File: _main_files/figure-latex/unnamed-chunk-11-2.pdf Graphic file (type pdf)
<use _main_files/figure-latex/unnamed-chunk-11-2.pdf>
[38]
Overfull \hbox (38.25pt too wide) in paragraph at lines 1414--1414
[]\TU/lmtt/m/n/10 Sample Size adjusted BIC achieves a minimum of  4438.02  with
  8  factors[] 
 []


Overfull \hbox (38.25pt too wide) in paragraph at lines 1414--1414
[]  \TU/lmtt/m/n/10 vss1 vss2    map  dof chisq prob sqresid  fit RMSEA   BIC S
ABIC complex[] 
 []


Overfull \hbox (38.25pt too wide) in paragraph at lines 1414--1414
[]\TU/lmtt/m/n/10 1 0.96 0.00 0.0091 2079 37231    0      33 0.96 0.072 20438 2
7044     1.0[] 
 []


Overfull \hbox (38.25pt too wide) in paragraph at lines 1414--1414
[]\TU/lmtt/m/n/10 2 0.50 0.97 0.0068 2014 29480    0      26 0.97 0.065 13211 1
9611     1.6[] 
 []


Overfull \hbox (38.25pt too wide) in paragraph at lines 1414--1414
[]\TU/lmtt/m/n/10 3 0.35 0.81 0.0058 1950 24035    0      23 0.98 0.059  8283 1
4479     2.1[] 
 []


Overfull \hbox (38.25pt too wide) in paragraph at lines 1414--1414
[]\TU/lmtt/m/n/10 4 0.29 0.67 0.0056 1887 20947    0      20 0.98 0.056  5704 1
1700     2.5[] 
 []


Overfull \hbox (38.25pt too wide) in paragraph at lines 1414--1414
[]\TU/lmtt/m/n/10 5 0.29 0.62 0.0055 1825 17804    0      18 0.98 0.052  3062  
8861     2.7[] 
 []


Overfull \hbox (38.25pt too wide) in paragraph at lines 1414--1414
[]\TU/lmtt/m/n/10 6 0.25 0.60 0.0052 1764 15824    0      16 0.98 0.050  1575  
7180     2.8[] 
 []


Overfull \hbox (38.25pt too wide) in paragraph at lines 1414--1414
[]\TU/lmtt/m/n/10 7 0.23 0.58 0.0056 1704 13729    0      15 0.98 0.047   -35  
5379     2.9[] 
 []


Overfull \hbox (38.25pt too wide) in paragraph at lines 1414--1414
[]\TU/lmtt/m/n/10 8 0.21 0.54 0.0055 1645 12499    0      14 0.98 0.045  -789  
4438     3.0[] 
 []

[39]
Overfull \hbox (12.0pt too wide) in paragraph at lines 1506--1506
[]\TU/lmtt/m/n/10 Standardized loadings (pattern matrix) based upon correlation
 matrix[] 
 []

[40] [41] [42]
Missing character: There is no χ in font [lmroman10-regular]:mapping=tex-text;!
Missing character: There is no χ in font [lmroman10-regular]:mapping=tex-text;!
Missing character: There is no χ in font [lmroman10-regular]:mapping=tex-text;!
[43]
Chapter 9.

Overfull \vbox (0.78438pt too high) detected at line 1647
 []

[44

]
File: _main_files/figure-latex/wright-1.pdf Graphic file (type pdf)
<use _main_files/figure-latex/wright-1.pdf>
[45] [46]
Chapter 10.
[47

] (./_main.bbl [48

])

Package natbib Warning: There were undefined citations.

Package atveryend Info: Empty hook `BeforeClearDocument' on input line 1686.
[49

]
Package atveryend Info: Empty hook `AfterLastShipout' on input line 1686.
(./_main.aux)
Package atveryend Info: Empty hook `AtVeryEndDocument' on input line 1686.
Package atveryend Info: Empty hook `AtEndAfterFileList' on input line 1686.

LaTeX Warning: There were undefined references.

 ) 
Here is how much of TeX's memory you used:
 19219 strings out of 479418
 340503 string characters out of 5884586
 790290 words of memory out of 5000000
 36447 multiletter control sequences out of 15000+600000
 538805 words of font info for 79 fonts, out of 8000000 for 9000
 1348 hyphenation exceptions out of 8191
 58i,6n,118p,1120b,508s stack positions out of 5000i,500n,10000p,200000b,80000s

Output written on _main.pdf (50 pages).
